<?xml version="1.0" encoding="UTF-8"?>
<!-- Generated by org.testng.reporters.JUnitReportReporter -->
<testsuite skipped="0" hostname="LAPTOP-20464U94" name="seleniumAdv3.Calendar" tests="1" failures="0" timestamp="22 Aug 2020 17:30:21 GMT" time="4.073" errors="0">
  <testcase name="testcase2" time="4.073" classname="seleniumAdv3.Calendar"/>
</testsuite> <!-- seleniumAdv3.Calendar -->
