<?xml version="1.0" encoding="UTF-8"?>
<!-- Generated by org.testng.reporters.JUnitReportReporter -->
<testsuite skipped="0" hostname="LAPTOP-20464U94" name="seleniumAdv3.ScreenCaptureWithDynamicFileName" tests="1" failures="0" timestamp="02 Mar 2019 18:04:04 GMT" time="1.548" errors="0">
  <testcase name="testScreenshots" time="1.548" classname="seleniumAdv3.ScreenCaptureWithDynamicFileName"/>
</testsuite> <!-- seleniumAdv3.ScreenCaptureWithDynamicFileName -->
