<?xml version="1.0" encoding="UTF-8"?>
<!-- Generated by org.testng.reporters.JUnitReportReporter -->
<testsuite skipped="0" hostname="NPRAJ" name="seleniumBasics.getTextonWebElement" tests="1" failures="0" timestamp="17 Oct 2017 13:12:04 GMT" time="1.236" errors="0">
  <testcase name="testGetText" time="1.236" classname="seleniumBasics.getTextonWebElement"/>
</testsuite> <!-- seleniumBasics.getTextonWebElement -->
