<?xml version="1.0" encoding="UTF-8"?>
<!-- Generated by org.testng.reporters.JUnitReportReporter -->
<testsuite skipped="0" hostname="LAPTOP-20464U94" name="seleniumAdv3.HandlingCookies" tests="1" failures="0" timestamp="23 Feb 2019 02:51:48 GMT" time="40.710" errors="0">
  <testcase name="fileUpload" time="40.710" classname="seleniumAdv3.HandlingCookies"/>
</testsuite> <!-- seleniumAdv3.HandlingCookies -->
