<?xml version="1.0" encoding="UTF-8"?>
<!-- Generated by org.testng.reporters.JUnitReportReporter -->
<testsuite skipped="0" hostname="LAPTOP-20464U94" name="seleniumAdv3.FileUpload_RobotClass" tests="1" failures="0" timestamp="22 Feb 2019 20:49:53 GMT" time="30.173" errors="0">
  <testcase name="fileUpload" time="30.173" classname="seleniumAdv3.FileUpload_RobotClass"/>
</testsuite> <!-- seleniumAdv3.FileUpload_RobotClass -->
