<?xml version="1.0" encoding="UTF-8"?>
<!-- Generated by org.testng.reporters.JUnitReportReporter -->
<testsuite skipped="0" hostname="LAPTOP-20464U94" name="seleniumAdv2.AutoComplete" tests="1" failures="0" timestamp="22 Aug 2020 19:48:36 GMT" time="6.518" errors="0">
  <testcase name="testcase" time="6.518" classname="seleniumAdv2.AutoComplete"/>
</testsuite> <!-- seleniumAdv2.AutoComplete -->
